Start testing: Apr 04 08:48 CST
----------------------------------------------------------
1/1 Testing: test_ramfs
1/1 Test: test_ramfs
Command: "/home/s12mc/CodeSpace/Project/BrightS/build/tests/test_ramfs"
Directory: /home/s12mc/CodeSpace/Project/BrightS/build/tests
"test_ramfs" start time: Apr 04 08:48 CST
Output:
----------------------------------------------------------
<end of output>
Test time =   0.00 sec
----------------------------------------------------------
Test Passed.
"test_ramfs" end time: Apr 04 08:48 CST
"test_ramfs" time elapsed: 00:00:00
----------------------------------------------------------

End testing: Apr 04 08:48 CST
